<?xml version="1.0" encoding="UTF-8" ?>
<testsuite failures="0" time="0.004" errors="0" skipped="0" tests="2" name="ru.fors.diagnostics.MonitoringTest">
  <properties>
    <property name="java.runtime.name" value="Java(TM) SE Runtime Environment"/>
    <property name="sun.boot.library.path" value="/System/Library/Java/JavaVirtualMachines/1.6.0.jdk/Contents/Libraries"/>
    <property name="java.vm.version" value="17.1-b03-307"/>
    <property name="awt.nativeDoubleBuffering" value="true"/>
    <property name="gopherProxySet" value="false"/>
    <property name="mrj.build" value="10M3261"/>
    <property name="java.vm.vendor" value="Apple Inc."/>
    <property name="java.vendor.url" value="http://www.apple.com/"/>
    <property name="path.separator" value=":"/>
    <property name="java.vm.name" value="Java HotSpot(TM) 64-Bit Server VM"/>
    <property name="file.encoding.pkg" value="sun.io"/>
    <property name="user.country" value="US"/>
    <property name="sun.java.launcher" value="SUN_STANDARD"/>
    <property name="sun.os.patch.level" value="unknown"/>
    <property name="java.vm.specification.name" value="Java Virtual Machine Specification"/>
    <property name="user.dir" value="/Users/samim/Development/WorkShop/Webserver-avaibility/webserver-availability"/>
    <property name="java.runtime.version" value="1.6.0_22-b04-307-10M3261"/>
    <property name="java.awt.graphicsenv" value="apple.awt.CGraphicsEnvironment"/>
    <property name="basedir" value="/Users/samim/Development/WorkShop/Webserver-avaibility/webserver-availability"/>
    <property name="java.endorsed.dirs" value="/System/Library/Java/JavaVirtualMachines/1.6.0.jdk/Contents/Home/lib/endorsed"/>
    <property name="os.arch" value="x86_64"/>
    <property name="surefire.real.class.path" value="/var/folders/rO/rOCtIUP+H5WT58WFdMuKoU+++TI/-Tmp-/surefirebooter2196738658645389833.jar"/>
    <property name="java.io.tmpdir" value="/var/folders/rO/rOCtIUP+H5WT58WFdMuKoU+++TI/-Tmp-/"/>
    <property name="line.separator" value="
"/>
    <property name="java.vm.specification.vendor" value="Sun Microsystems Inc."/>
    <property name="os.name" value="Mac OS X"/>
    <property name="sun.jnu.encoding" value="MacRoman"/>
    <property name="java.library.path" value="/Users/samim/Development/OracleInstantClient/instantclient_10_2:.:/Library/Java/Extensions:/System/Library/Java/Extensions:/usr/lib/java"/>
    <property name="surefire.test.class.path" value="/Users/samim/Development/WorkShop/Webserver-avaibility/webserver-availability/target/test-classes:/Users/samim/Development/WorkShop/Webserver-avaibility/webserver-availability/target/classes:/Users/samim/mvnrepo/junit/junit/3.8.1/junit-3.8.1.jar:/Users/samim/mvnrepo/org/slf4j/slf4j-log4j12/1.4.0/slf4j-log4j12-1.4.0.jar:/Users/samim/mvnrepo/org/slf4j/slf4j-api/1.4.0/slf4j-api-1.4.0.jar:/Users/samim/mvnrepo/log4j/log4j/1.2.13/log4j-1.2.13.jar:/Users/samim/mvnrepo/javax/activation/activation/1.1/activation-1.1.jar:/Users/samim/mvnrepo/javax/mail/mail/1.4/mail-1.4.jar:/Users/samim/mvnrepo/org/apache/httpcomponents/httpclient/4.1.1/httpclient-4.1.1.jar:/Users/samim/mvnrepo/org/apache/httpcomponents/httpcore/4.1/httpcore-4.1.jar:/Users/samim/mvnrepo/commons-logging/commons-logging/1.1.1/commons-logging-1.1.1.jar:/Users/samim/mvnrepo/commons-codec/commons-codec/1.4/commons-codec-1.4.jar:/Users/samim/mvnrepo/org/quartz-scheduler/quartz/2.0.0/quartz-2.0.0.jar:/Users/samim/mvnrepo/javax/transaction/jta/1.1/jta-1.1.jar:/Users/samim/mvnrepo/c3p0/c3p0/0.9.1.1/c3p0-0.9.1.1.jar:"/>
    <property name="java.specification.name" value="Java Platform API Specification"/>
    <property name="java.class.version" value="50.0"/>
    <property name="sun.management.compiler" value="HotSpot 64-Bit Server Compiler"/>
    <property name="os.version" value="10.6.6"/>
    <property name="http.nonProxyHosts" value="local|*.local|169.254/16|*.169.254/16"/>
    <property name="user.home" value="/Users/samim"/>
    <property name="user.timezone" value="Europe/Moscow"/>
    <property name="java.awt.printerjob" value="apple.awt.CPrinterJob"/>
    <property name="java.specification.version" value="1.6"/>
    <property name="file.encoding" value="MacRoman"/>
    <property name="user.name" value="samim"/>
    <property name="java.class.path" value="/Users/samim/Development/WorkShop/Webserver-avaibility/webserver-availability/target/test-classes:/Users/samim/Development/WorkShop/Webserver-avaibility/webserver-availability/target/classes:/Users/samim/mvnrepo/junit/junit/3.8.1/junit-3.8.1.jar:/Users/samim/mvnrepo/org/slf4j/slf4j-log4j12/1.4.0/slf4j-log4j12-1.4.0.jar:/Users/samim/mvnrepo/org/slf4j/slf4j-api/1.4.0/slf4j-api-1.4.0.jar:/Users/samim/mvnrepo/log4j/log4j/1.2.13/log4j-1.2.13.jar:/Users/samim/mvnrepo/javax/activation/activation/1.1/activation-1.1.jar:/Users/samim/mvnrepo/javax/mail/mail/1.4/mail-1.4.jar:/Users/samim/mvnrepo/org/apache/httpcomponents/httpclient/4.1.1/httpclient-4.1.1.jar:/Users/samim/mvnrepo/org/apache/httpcomponents/httpcore/4.1/httpcore-4.1.jar:/Users/samim/mvnrepo/commons-logging/commons-logging/1.1.1/commons-logging-1.1.1.jar:/Users/samim/mvnrepo/commons-codec/commons-codec/1.4/commons-codec-1.4.jar:/Users/samim/mvnrepo/org/quartz-scheduler/quartz/2.0.0/quartz-2.0.0.jar:/Users/samim/mvnrepo/javax/transaction/jta/1.1/jta-1.1.jar:/Users/samim/mvnrepo/c3p0/c3p0/0.9.1.1/c3p0-0.9.1.1.jar:"/>
    <property name="java.vm.specification.version" value="1.0"/>
    <property name="sun.arch.data.model" value="64"/>
    <property name="java.home" value="/System/Library/Java/JavaVirtualMachines/1.6.0.jdk/Contents/Home"/>
    <property name="java.specification.vendor" value="Sun Microsystems Inc."/>
    <property name="user.language" value="en"/>
    <property name="awt.toolkit" value="apple.awt.CToolkit"/>
    <property name="java.vm.info" value="mixed mode"/>
    <property name="java.version" value="1.6.0_22"/>
    <property name="java.ext.dirs" value="/Library/Java/Extensions:/System/Library/Java/Extensions:/System/Library/Java/JavaVirtualMachines/1.6.0.jdk/Contents/Home/lib/ext"/>
    <property name="sun.boot.class.path" value="/System/Library/Java/JavaVirtualMachines/1.6.0.jdk/Contents/Classes/jsfd.jar:/System/Library/Java/JavaVirtualMachines/1.6.0.jdk/Contents/Classes/classes.jar:/System/Library/Frameworks/JavaVM.framework/Frameworks/JavaRuntimeSupport.framework/Resources/Java/JavaRuntimeSupport.jar:/System/Library/Java/JavaVirtualMachines/1.6.0.jdk/Contents/Classes/ui.jar:/System/Library/Java/JavaVirtualMachines/1.6.0.jdk/Contents/Classes/laf.jar:/System/Library/Java/JavaVirtualMachines/1.6.0.jdk/Contents/Classes/sunrsasign.jar:/System/Library/Java/JavaVirtualMachines/1.6.0.jdk/Contents/Classes/jsse.jar:/System/Library/Java/JavaVirtualMachines/1.6.0.jdk/Contents/Classes/jce.jar:/System/Library/Java/JavaVirtualMachines/1.6.0.jdk/Contents/Classes/charsets.jar"/>
    <property name="java.vendor" value="Apple Inc."/>
    <property name="localRepository" value="/Users/samim/mvnrepo"/>
    <property name="file.separator" value="/"/>
    <property name="java.vendor.url.bug" value="http://bugreport.apple.com/"/>
    <property name="sun.cpu.endian" value="little"/>
    <property name="sun.io.unicode.encoding" value="UnicodeLittle"/>
    <property name="mrj.version" value="1060.1.6.0_22-307"/>
    <property name="socksNonProxyHosts" value="local|*.local|169.254/16|*.169.254/16"/>
    <property name="ftp.nonProxyHosts" value="local|*.local|169.254/16|*.169.254/16"/>
    <property name="sun.cpu.isalist" value=""/>
  </properties>
  <testcase time="0.002" classname="ru.fors.diagnostics.MonitoringTest" name="testGetUrl"/>
  <testcase time="0.001" classname="ru.fors.diagnostics.MonitoringTest" name="testIsTimeToResend"/>
</testsuite>